<?xml version="1.0" encoding="UTF-8"?>
<testsuite xmlns:xsi="http://www.w3.org/2001/XMLSchema-instance" xsi:noNamespaceSchemaLocation="https://maven.apache.org/surefire/maven-surefire-plugin/xsd/surefire-test-report-3.0.xsd" version="3.0" name="io.cucumber.awesomenow.RunCucumberTest" time="24.965" tests="1" errors="0" skipped="0" failures="0">
  <properties>
    <property name="java.specification.version" value="20"/>
    <property name="sun.cpu.isalist" value="amd64"/>
    <property name="sun.jnu.encoding" value="Cp1252"/>
    <property name="java.class.path" value="D:\Platforms\Selenium\cucumber-java-awesomenow\target\test-classes;D:\Platforms\Selenium\cucumber-java-awesomenow\target\classes;C:\Users\0027EG744\.m2\repository\io\cucumber\cucumber-java\7.12.0\cucumber-java-7.12.0.jar;C:\Users\0027EG744\.m2\repository\io\cucumber\cucumber-core\7.12.0\cucumber-core-7.12.0.jar;C:\Users\0027EG744\.m2\repository\io\cucumber\cucumber-gherkin\7.12.0\cucumber-gherkin-7.12.0.jar;C:\Users\0027EG744\.m2\repository\io\cucumber\cucumber-gherkin-messages\7.12.0\cucumber-gherkin-messages-7.12.0.jar;C:\Users\0027EG744\.m2\repository\io\cucumber\gherkin\26.2.0\gherkin-26.2.0.jar;C:\Users\0027EG744\.m2\repository\io\cucumber\messages\22.0.0\messages-22.0.0.jar;C:\Users\0027EG744\.m2\repository\io\cucumber\tag-expressions\5.0.1\tag-expressions-5.0.1.jar;C:\Users\0027EG744\.m2\repository\io\cucumber\cucumber-expressions\16.1.2\cucumber-expressions-16.1.2.jar;C:\Users\0027EG744\.m2\repository\io\cucumber\datatable\7.12.0\datatable-7.12.0.jar;C:\Users\0027EG744\.m2\repository\io\cucumber\cucumber-plugin\7.12.0\cucumber-plugin-7.12.0.jar;C:\Users\0027EG744\.m2\repository\io\cucumber\docstring\7.12.0\docstring-7.12.0.jar;C:\Users\0027EG744\.m2\repository\io\cucumber\html-formatter\20.3.0\html-formatter-20.3.0.jar;C:\Users\0027EG744\.m2\repository\io\cucumber\junit-xml-formatter\0.2.0\junit-xml-formatter-0.2.0.jar;C:\Users\0027EG744\.m2\repository\io\cucumber\ci-environment\9.2.0\ci-environment-9.2.0.jar;C:\Users\0027EG744\.m2\repository\org\apiguardian\apiguardian-api\1.1.2\apiguardian-api-1.1.2.jar;C:\Users\0027EG744\.m2\repository\io\cucumber\cucumber-junit-platform-engine\7.12.0\cucumber-junit-platform-engine-7.12.0.jar;C:\Users\0027EG744\.m2\repository\org\junit\platform\junit-platform-engine\1.9.3\junit-platform-engine-1.9.3.jar;C:\Users\0027EG744\.m2\repository\org\opentest4j\opentest4j\1.2.0\opentest4j-1.2.0.jar;C:\Users\0027EG744\.m2\repository\org\junit\platform\junit-platform-commons\1.9.3\junit-platform-commons-1.9.3.jar;C:\Users\0027EG744\.m2\repository\org\junit\platform\junit-platform-suite\1.9.3\junit-platform-suite-1.9.3.jar;C:\Users\0027EG744\.m2\repository\org\junit\platform\junit-platform-suite-api\1.9.3\junit-platform-suite-api-1.9.3.jar;C:\Users\0027EG744\.m2\repository\org\junit\platform\junit-platform-suite-engine\1.9.3\junit-platform-suite-engine-1.9.3.jar;C:\Users\0027EG744\.m2\repository\org\junit\platform\junit-platform-suite-commons\1.9.3\junit-platform-suite-commons-1.9.3.jar;C:\Users\0027EG744\.m2\repository\org\junit\platform\junit-platform-launcher\1.9.3\junit-platform-launcher-1.9.3.jar;C:\Users\0027EG744\.m2\repository\org\junit\jupiter\junit-jupiter\5.9.3\junit-jupiter-5.9.3.jar;C:\Users\0027EG744\.m2\repository\org\junit\jupiter\junit-jupiter-api\5.9.3\junit-jupiter-api-5.9.3.jar;C:\Users\0027EG744\.m2\repository\org\junit\jupiter\junit-jupiter-params\5.9.3\junit-jupiter-params-5.9.3.jar;C:\Users\0027EG744\.m2\repository\org\junit\jupiter\junit-jupiter-engine\5.9.3\junit-jupiter-engine-5.9.3.jar;C:\Users\0027EG744\.m2\repository\org\seleniumhq\selenium\client-drivers\selenium-java-client-driver\1.0.2\selenium-java-client-driver-1.0.2.jar;C:\Users\0027EG744\.m2\repository\org\seleniumhq\selenium\selenium-api\4.9.0\selenium-api-4.9.0.jar;C:\Users\0027EG744\.m2\repository\org\seleniumhq\selenium\selenium-chrome-driver\4.9.0\selenium-chrome-driver-4.9.0.jar;C:\Users\0027EG744\.m2\repository\com\google\auto\service\auto-service-annotations\1.0.1\auto-service-annotations-1.0.1.jar;C:\Users\0027EG744\.m2\repository\com\google\auto\service\auto-service\1.0.1\auto-service-1.0.1.jar;C:\Users\0027EG744\.m2\repository\com\google\auto\auto-common\1.2\auto-common-1.2.jar;C:\Users\0027EG744\.m2\repository\com\google\guava\guava\31.1-jre\guava-31.1-jre.jar;C:\Users\0027EG744\.m2\repository\com\google\guava\failureaccess\1.0.1\failureaccess-1.0.1.jar;C:\Users\0027EG744\.m2\repository\com\google\guava\listenablefuture\9999.0-empty-to-avoid-conflict-with-guava\listenablefuture-9999.0-empty-to-avoid-conflict-with-guava.jar;C:\Users\0027EG744\.m2\repository\com\google\code\findbugs\jsr305\3.0.2\jsr305-3.0.2.jar;C:\Users\0027EG744\.m2\repository\org\checkerframework\checker-qual\3.12.0\checker-qual-3.12.0.jar;C:\Users\0027EG744\.m2\repository\com\google\errorprone\error_prone_annotations\2.11.0\error_prone_annotations-2.11.0.jar;C:\Users\0027EG744\.m2\repository\com\google\j2objc\j2objc-annotations\1.3\j2objc-annotations-1.3.jar;C:\Users\0027EG744\.m2\repository\org\seleniumhq\selenium\selenium-chromium-driver\4.9.0\selenium-chromium-driver-4.9.0.jar;C:\Users\0027EG744\.m2\repository\org\seleniumhq\selenium\selenium-json\4.9.0\selenium-json-4.9.0.jar;C:\Users\0027EG744\.m2\repository\org\seleniumhq\selenium\selenium-manager\4.9.0\selenium-manager-4.9.0.jar;C:\Users\0027EG744\.m2\repository\org\seleniumhq\selenium\selenium-remote-driver\4.9.0\selenium-remote-driver-4.9.0.jar;C:\Users\0027EG744\.m2\repository\com\beust\jcommander\1.82\jcommander-1.82.jar;C:\Users\0027EG744\.m2\repository\io\netty\netty-buffer\4.1.91.Final\netty-buffer-4.1.91.Final.jar;C:\Users\0027EG744\.m2\repository\io\netty\netty-codec-http\4.1.91.Final\netty-codec-http-4.1.91.Final.jar;C:\Users\0027EG744\.m2\repository\io\netty\netty-codec\4.1.91.Final\netty-codec-4.1.91.Final.jar;C:\Users\0027EG744\.m2\repository\io\netty\netty-handler\4.1.91.Final\netty-handler-4.1.91.Final.jar;C:\Users\0027EG744\.m2\repository\io\netty\netty-common\4.1.91.Final\netty-common-4.1.91.Final.jar;C:\Users\0027EG744\.m2\repository\io\netty\netty-transport-classes-epoll\4.1.91.Final\netty-transport-classes-epoll-4.1.91.Final.jar;C:\Users\0027EG744\.m2\repository\io\netty\netty-transport-classes-kqueue\4.1.91.Final\netty-transport-classes-kqueue-4.1.91.Final.jar;C:\Users\0027EG744\.m2\repository\io\netty\netty-transport-native-epoll\4.1.91.Final\netty-transport-native-epoll-4.1.91.Final.jar;C:\Users\0027EG744\.m2\repository\io\netty\netty-transport-native-kqueue\4.1.91.Final\netty-transport-native-kqueue-4.1.91.Final.jar;C:\Users\0027EG744\.m2\repository\io\netty\netty-transport-native-unix-common\4.1.91.Final\netty-transport-native-unix-common-4.1.91.Final.jar;C:\Users\0027EG744\.m2\repository\io\netty\netty-transport\4.1.91.Final\netty-transport-4.1.91.Final.jar;C:\Users\0027EG744\.m2\repository\io\netty\netty-resolver\4.1.91.Final\netty-resolver-4.1.91.Final.jar;C:\Users\0027EG744\.m2\repository\io\opentelemetry\opentelemetry-api\1.25.0\opentelemetry-api-1.25.0.jar;C:\Users\0027EG744\.m2\repository\io\opentelemetry\opentelemetry-context\1.25.0\opentelemetry-context-1.25.0.jar;C:\Users\0027EG744\.m2\repository\io\opentelemetry\opentelemetry-exporter-logging\1.25.0\opentelemetry-exporter-logging-1.25.0.jar;C:\Users\0027EG744\.m2\repository\io\opentelemetry\opentelemetry-sdk-metrics\1.25.0\opentelemetry-sdk-metrics-1.25.0.jar;C:\Users\0027EG744\.m2\repository\io\opentelemetry\opentelemetry-sdk-logs\1.25.0-alpha\opentelemetry-sdk-logs-1.25.0-alpha.jar;C:\Users\0027EG744\.m2\repository\io\opentelemetry\opentelemetry-api-logs\1.25.0-alpha\opentelemetry-api-logs-1.25.0-alpha.jar;C:\Users\0027EG744\.m2\repository\io\opentelemetry\opentelemetry-api-events\1.25.0-alpha\opentelemetry-api-events-1.25.0-alpha.jar;C:\Users\0027EG744\.m2\repository\io\opentelemetry\opentelemetry-sdk-common\1.25.0\opentelemetry-sdk-common-1.25.0.jar;C:\Users\0027EG744\.m2\repository\io\opentelemetry\opentelemetry-sdk-extension-autoconfigure-spi\1.25.0\opentelemetry-sdk-extension-autoconfigure-spi-1.25.0.jar;C:\Users\0027EG744\.m2\repository\io\opentelemetry\opentelemetry-sdk-extension-autoconfigure\1.25.0-alpha\opentelemetry-sdk-extension-autoconfigure-1.25.0-alpha.jar;C:\Users\0027EG744\.m2\repository\io\opentelemetry\opentelemetry-sdk-trace\1.25.0\opentelemetry-sdk-trace-1.25.0.jar;C:\Users\0027EG744\.m2\repository\io\opentelemetry\opentelemetry-sdk\1.25.0\opentelemetry-sdk-1.25.0.jar;C:\Users\0027EG744\.m2\repository\io\opentelemetry\opentelemetry-semconv\1.25.0-alpha\opentelemetry-semconv-1.25.0-alpha.jar;C:\Users\0027EG744\.m2\repository\io\ous\jtoml\2.0.0\jtoml-2.0.0.jar;C:\Users\0027EG744\.m2\repository\org\apache\commons\commons-exec\1.3\commons-exec-1.3.jar;C:\Users\0027EG744\.m2\repository\org\asynchttpclient\async-http-client\2.12.3\async-http-client-2.12.3.jar;C:\Users\0027EG744\.m2\repository\org\asynchttpclient\async-http-client-netty-utils\2.12.3\async-http-client-netty-utils-2.12.3.jar;C:\Users\0027EG744\.m2\repository\io\netty\netty-codec-socks\4.1.60.Final\netty-codec-socks-4.1.60.Final.jar;C:\Users\0027EG744\.m2\repository\io\netty\netty-handler-proxy\4.1.60.Final\netty-handler-proxy-4.1.60.Final.jar;C:\Users\0027EG744\.m2\repository\io\netty\netty-transport-native-epoll\4.1.60.Final\netty-transport-native-epoll-4.1.60.Final-linux-x86_64.jar;C:\Users\0027EG744\.m2\repository\io\netty\netty-transport-native-kqueue\4.1.60.Final\netty-transport-native-kqueue-4.1.60.Final-osx-x86_64.jar;C:\Users\0027EG744\.m2\repository\org\reactivestreams\reactive-streams\1.0.3\reactive-streams-1.0.3.jar;C:\Users\0027EG744\.m2\repository\com\typesafe\netty\netty-reactive-streams\2.0.4\netty-reactive-streams-2.0.4.jar;C:\Users\0027EG744\.m2\repository\com\sun\activation\jakarta.activation\1.2.2\jakarta.activation-1.2.2.jar;C:\Users\0027EG744\.m2\repository\org\sonatype\nexus\nexus-plugin-testsupport\3.0.0-b2015020701\nexus-plugin-testsupport-3.0.0-b2015020701.jar;C:\Users\0027EG744\.m2\repository\org\sonatype\nexus\nexus-test-common\3.0.0-b2015020701\nexus-test-common-3.0.0-b2015020701.jar;C:\Users\0027EG744\.m2\repository\org\eclipse\sisu\org.eclipse.sisu.inject\0.3.0.M1\org.eclipse.sisu.inject-0.3.0.M1.jar;C:\Users\0027EG744\.m2\repository\org\sonatype\sisu\sisu-guice\3.2.4\sisu-guice-3.2.4.jar;C:\Users\0027EG744\.m2\repository\javax\inject\javax.inject\1\javax.inject-1.jar;C:\Users\0027EG744\.m2\repository\aopalliance\aopalliance\1.0\aopalliance-1.0.jar;C:\Users\0027EG744\.m2\repository\org\eclipse\sisu\org.eclipse.sisu.plexus\0.3.0.M1\org.eclipse.sisu.plexus-0.3.0.M1.jar;C:\Users\0027EG744\.m2\repository\javax\enterprise\cdi-api\1.0\cdi-api-1.0.jar;C:\Users\0027EG744\.m2\repository\javax\annotation\jsr250-api\1.0\jsr250-api-1.0.jar;C:\Users\0027EG744\.m2\repository\org\codehaus\plexus\plexus-component-annotations\1.5.5\plexus-component-annotations-1.5.5.jar;C:\Users\0027EG744\.m2\repository\org\codehaus\plexus\plexus-classworlds\2.5.1\plexus-classworlds-2.5.1.jar;C:\Users\0027EG744\.m2\repository\org\sonatype\sisu\goodies\goodies-testsupport\1.12\goodies-testsupport-1.12.jar;C:\Users\0027EG744\.m2\repository\org\sonatype\gossip\gossip-support\1.8\gossip-support-1.8.jar;C:\Users\0027EG744\.m2\repository\org\sonatype\gossip\gossip-bootstrap\1.8\gossip-bootstrap-1.8.jar;C:\Users\0027EG744\.m2\repository\com\intellij\annotations\12.0\annotations-12.0.jar;C:\Users\0027EG744\.m2\repository\info\cukes\cucumber-junit\1.2.2\cucumber-junit-1.2.2.jar;C:\Users\0027EG744\.m2\repository\info\cukes\cucumber-core\1.2.2\cucumber-core-1.2.2.jar;C:\Users\0027EG744\.m2\repository\info\cukes\cucumber-html\0.2.3\cucumber-html-0.2.3.jar;C:\Users\0027EG744\.m2\repository\info\cukes\cucumber-jvm-deps\1.0.3\cucumber-jvm-deps-1.0.3.jar;C:\Users\0027EG744\.m2\repository\info\cukes\gherkin\2.12.2\gherkin-2.12.2.jar;C:\Users\0027EG744\.m2\repository\info\cukes\cucumber-guice\1.2.2\cucumber-guice-1.2.2.jar;C:\Users\0027EG744\.m2\repository\info\cukes\cucumber-java\1.2.2\cucumber-java-1.2.2.jar;C:\Users\0027EG744\.m2\repository\org\hamcrest\hamcrest-core\1.3\hamcrest-core-1.3.jar;C:\Users\0027EG744\.m2\repository\org\hamcrest\hamcrest-library\1.3\hamcrest-library-1.3.jar;C:\Users\0027EG744\.m2\repository\org\easytesting\fest-assert-core\2.0M10\fest-assert-core-2.0M10.jar;C:\Users\0027EG744\.m2\repository\org\easytesting\fest-util\1.2.5\fest-util-1.2.5.jar;C:\Users\0027EG744\.m2\repository\org\incava\java-diff\1.1\java-diff-1.1.jar;C:\Users\0027EG744\.m2\repository\org\objenesis\objenesis\1.3\objenesis-1.3.jar;C:\Users\0027EG744\.m2\repository\org\mockito\mockito-core\1.9.5\mockito-core-1.9.5.jar;C:\Users\0027EG744\.m2\repository\org\powermock\powermock-module-junit4\1.6.1\powermock-module-junit4-1.6.1.jar;C:\Users\0027EG744\.m2\repository\org\powermock\powermock-module-junit4-common\1.6.1\powermock-module-junit4-common-1.6.1.jar;C:\Users\0027EG744\.m2\repository\org\powermock\powermock-reflect\1.6.1\powermock-reflect-1.6.1.jar;C:\Users\0027EG744\.m2\repository\org\powermock\powermock-api-mockito\1.6.1\powermock-api-mockito-1.6.1.jar;C:\Users\0027EG744\.m2\repository\org\powermock\powermock-api-support\1.6.1\powermock-api-support-1.6.1.jar;C:\Users\0027EG744\.m2\repository\org\powermock\powermock-module-junit4-rule\1.6.1\powermock-module-junit4-rule-1.6.1.jar;C:\Users\0027EG744\.m2\repository\org\powermock\powermock-classloading-base\1.6.1\powermock-classloading-base-1.6.1.jar;C:\Users\0027EG744\.m2\repository\org\powermock\powermock-core\1.6.1\powermock-core-1.6.1.jar;C:\Users\0027EG744\.m2\repository\org\javassist\javassist\3.18.2-GA\javassist-3.18.2-GA.jar;C:\Users\0027EG744\.m2\repository\org\powermock\powermock-classloading-xstream\1.6.1\powermock-classloading-xstream-1.6.1.jar;C:\Users\0027EG744\.m2\repository\commons-io\commons-io\2.4\commons-io-2.4.jar;C:\Users\0027EG744\.m2\repository\com\h2database\h2\1.3.175\h2-1.3.175.jar;C:\Users\0027EG744\.m2\repository\org\jsoup\jsoup\1.7.2\jsoup-1.7.2.jar;C:\Users\0027EG744\.m2\repository\org\databene\contiperf\2.2.0\contiperf-2.2.0.jar;C:\Users\0027EG744\.m2\repository\javax\servlet\javax.servlet-api\3.1.0\javax.servlet-api-3.1.0.jar;C:\Users\0027EG744\.m2\repository\httpunit\httpunit\1.6.2\httpunit-1.6.2.jar;C:\Users\0027EG744\.m2\repository\jtidy\jtidy\4aug2000r7-dev\jtidy-4aug2000r7-dev.jar;C:\Users\0027EG744\.m2\repository\org\sonatype\nexus\nexus-core\3.0.0-b2015020701\nexus-core-3.0.0-b2015020701.jar;C:\Users\0027EG744\.m2\repository\org\sonatype\nexus\nexus-common\3.0.0-b2015020701\nexus-common-3.0.0-b2015020701.jar;C:\Users\0027EG744\.m2\repository\org\sonatype\nexus\nexus-configuration-model\3.0.0-b2015020701\nexus-configuration-model-3.0.0-b2015020701.jar;C:\Users\0027EG744\.m2\repository\org\sonatype\nexus\base-configuration\3.0.0-b2015020701\base-configuration-3.0.0-b2015020701.jar;C:\Users\0027EG744\.m2\repository\org\sonatype\nexus\nexus-repository-metadata-api\3.0.0-b2015020701\nexus-repository-metadata-api-3.0.0-b2015020701.jar;C:\Users\0027EG744\.m2\repository\org\sonatype\nexus\nexus-repository-metadata-model\3.0.0-b2015020701\nexus-repository-metadata-model-3.0.0-b2015020701.jar;C:\Users\0027EG744\.m2\repository\org\slf4j\slf4j-api\1.7.6\slf4j-api-1.7.6.jar;C:\Users\0027EG744\.m2\repository\org\slf4j\jcl-over-slf4j\1.7.6\jcl-over-slf4j-1.7.6.jar;C:\Users\0027EG744\.m2\repository\ch\qos\logback\logback-core\1.1.2\logback-core-1.1.2.jar;C:\Users\0027EG744\.m2\repository\ch\qos\logback\logback-classic\1.1.2\logback-classic-1.1.2.jar;C:\Users\0027EG744\.m2\repository\org\osgi\org.osgi.core\4.3.1\org.osgi.core-4.3.1.jar;C:\Users\0027EG744\.m2\repository\org\osgi\org.osgi.compendium\4.3.1\org.osgi.compendium-4.3.1.jar;C:\Users\0027EG744\.m2\repository\javax\annotation\javax.annotation-api\1.2\javax.annotation-api-1.2.jar;C:\Users\0027EG744\.m2\repository\org\sonatype\sisu\goodies\goodies-common\1.12\goodies-common-1.12.jar;C:\Users\0027EG744\.m2\repository\org\sonatype\sisu\goodies\goodies-crypto\1.12\goodies-crypto-1.12.jar;C:\Users\0027EG744\.m2\repository\org\bouncycastle\bcprov-jdk15on\1.49\bcprov-jdk15on-1.49.jar;C:\Users\0027EG744\.m2\repository\org\bouncycastle\bcpg-jdk15on\1.49\bcpg-jdk15on-1.49.jar;C:\Users\0027EG744\.m2\repository\org\bouncycastle\bcpkix-jdk15on\1.49\bcpkix-jdk15on-1.49.jar;C:\Users\0027EG744\.m2\repository\org\sonatype\sisu\goodies\goodies-lifecycle\1.12\goodies-lifecycle-1.12.jar;C:\Users\0027EG744\.m2\repository\org\sonatype\sisu\goodies\goodies-eventbus\1.12\goodies-eventbus-1.12.jar;C:\Users\0027EG744\.m2\repository\org\sonatype\sisu\goodies\goodies-template\1.12\goodies-template-1.12.jar;C:\Users\0027EG744\.m2\repository\org\sonatype\sisu\goodies\goodies-inject\1.12\goodies-inject-1.12.jar;C:\Users\0027EG744\.m2\repository\commons-beanutils\commons-beanutils\1.9.1\commons-beanutils-1.9.1.jar;C:\Users\0027EG744\.m2\repository\commons-collections\commons-collections\3.2.1\commons-collections-3.2.1.jar;C:\Users\0027EG744\.m2\repository\commons-codec\commons-codec\1.8\commons-codec-1.8.jar;C:\Users\0027EG744\.m2\repository\commons-lang\commons-lang\2.6\commons-lang-2.6.jar;C:\Users\0027EG744\.m2\repository\org\apache\commons\commons-lang3\3.1\commons-lang3-3.1.jar;C:\Users\0027EG744\.m2\repository\commons-fileupload\commons-fileupload\1.3.1\commons-fileupload-1.3.1.jar;C:\Users\0027EG744\.m2\repository\org\sonatype\nexus\nexus-formfields\3.0.0-b2015020701\nexus-formfields-3.0.0-b2015020701.jar;C:\Users\0027EG744\.m2\repository\org\sonatype\nexus\nexus-webresources-api\3.0.0-b2015020701\nexus-webresources-api-3.0.0-b2015020701.jar;C:\Users\0027EG744\.m2\repository\org\codehaus\plexus\plexus-utils\3.0.20\plexus-utils-3.0.20.jar;C:\Users\0027EG744\.m2\repository\org\codehaus\plexus\plexus-interpolation\1.16\plexus-interpolation-1.16.jar;C:\Users\0027EG744\.m2\repository\org\sonatype\nexus\xstream\xstream\1.4.6-SONATYPE-03\xstream-1.4.6-SONATYPE-03.jar;C:\Users\0027EG744\.m2\repository\xmlpull\xmlpull\1.1.3.1\xmlpull-1.1.3.1.jar;C:\Users\0027EG744\.m2\repository\xpp3\xpp3_min\1.1.4c\xpp3_min-1.1.4c.jar;C:\Users\0027EG744\.m2\repository\com\fasterxml\jackson\core\jackson-databind\2.4.1\jackson-databind-2.4.1.jar;C:\Users\0027EG744\.m2\repository\com\fasterxml\jackson\core\jackson-annotations\2.4.0\jackson-annotations-2.4.0.jar;C:\Users\0027EG744\.m2\repository\com\fasterxml\jackson\core\jackson-core\2.4.1\jackson-core-2.4.1.jar;C:\Users\0027EG744\.m2\repository\org\apache\httpcomponents\httpclient\4.3.6\httpclient-4.3.6.jar;C:\Users\0027EG744\.m2\repository\org\apache\httpcomponents\httpcore\4.3.3\httpcore-4.3.3.jar;C:\Users\0027EG744\.m2\repository\org\sonatype\nexus\nexus-httpclient-api\3.0.0-b2015020701\nexus-httpclient-api-3.0.0-b2015020701.jar;C:\Users\0027EG744\.m2\repository\org\apache\maven\maven-model\3.2.3\maven-model-3.2.3.jar;C:\Users\0027EG744\.m2\repository\org\apache\maven\maven-model-builder\3.2.3\maven-model-builder-3.2.3.jar;C:\Users\0027EG744\.m2\repository\org\apache\maven\maven-repository-metadata\3.2.3\maven-repository-metadata-3.2.3.jar;C:\Users\0027EG744\.m2\repository\org\eclipse\aether\aether-api\1.0.0.v20140518\aether-api-1.0.0.v20140518.jar;C:\Users\0027EG744\.m2\repository\org\eclipse\aether\aether-util\1.0.0.v20140518\aether-util-1.0.0.v20140518.jar;C:\Users\0027EG744\.m2\repository\org\eclipse\aether\aether-spi\1.0.0.v20140518\aether-spi-1.0.0.v20140518.jar;C:\Users\0027EG744\.m2\repository\org\sonatype\nexus\nexus-security\3.0.0-b2015020701\nexus-security-3.0.0-b2015020701.jar;C:\Users\0027EG744\.m2\repository\org\apache\shiro\shiro-ehcache\1.2.3\shiro-ehcache-1.2.3.jar;C:\Users\0027EG744\.m2\repository\org\sonatype\sisu\inject\guice-servlet\3.2.4\guice-servlet-3.2.4.jar;C:\Users\0027EG744\.m2\repository\org\apache\shiro\shiro-core\1.2.3\shiro-core-1.2.3.jar;C:\Users\0027EG744\.m2\repository\org\apache\shiro\shiro-guice\1.2.3\shiro-guice-1.2.3.jar;C:\Users\0027EG744\.m2\repository\org\apache\shiro\shiro-web\1.2.3\shiro-web-1.2.3.jar;C:\Users\0027EG744\.m2\repository\org\sonatype\nexus\nexus-scheduling\3.0.0-b2015020701\nexus-scheduling-3.0.0-b2015020701.jar;C:\Users\0027EG744\.m2\repository\org\sonatype\sisu\inject\guice-multibindings\3.2.4\guice-multibindings-3.2.4.jar;C:\Users\0027EG744\.m2\repository\org\sonatype\sisu\inject\guice-assistedinject\3.2.4\guice-assistedinject-3.2.4.jar;C:\Users\0027EG744\.m2\repository\org\sonatype\nexus\nexus-locks\3.0.0-b2015020701\nexus-locks-3.0.0-b2015020701.jar;C:\Users\0027EG744\.m2\repository\org\apache\velocity\velocity\1.7\velocity-1.7.jar;C:\Users\0027EG744\.m2\repository\org\sonatype\nexus\nexus-ehcache\3.0.0-b2015020701\nexus-ehcache-3.0.0-b2015020701.jar;C:\Users\0027EG744\.m2\repository\org\apache\servicemix\bundles\org.apache.servicemix.bundles.ehcache\2.6.9_1\org.apache.servicemix.bundles.ehcache-2.6.9_1.jar;C:\Users\0027EG744\.m2\repository\org\sonatype\sisu\sisu-mailer\1.9\sisu-mailer-1.9.jar;C:\Users\0027EG744\.m2\repository\javax\mail\mail\1.4.7\mail-1.4.7.jar;C:\Users\0027EG744\.m2\repository\org\sonatype\sisu\sisu-resource-scanner\1.1.1\sisu-resource-scanner-1.1.1.jar;C:\Users\0027EG744\.m2\repository\org\sonatype\nexus\nexus-mime\3.0.0-b2015020701\nexus-mime-3.0.0-b2015020701.jar;C:\Users\0027EG744\.m2\repository\org\apache\tika\tika-core\1.7\tika-core-1.7.jar;C:\Users\0027EG744\.m2\repository\org\sonatype\nexus\nexus-supportzip-api\3.0.0-b2015020701\nexus-supportzip-api-3.0.0-b2015020701.jar;C:\Users\0027EG744\.m2\repository\joda-time\joda-time\2.2\joda-time-2.2.jar;C:\Users\0027EG744\.m2\repository\com\codahale\metrics\metrics-core\3.0.2\metrics-core-3.0.2.jar;C:\Users\0027EG744\.m2\repository\com\palominolabs\metrics\metrics-guice\3.0.2\metrics-guice-3.0.2.jar;C:\Users\0027EG744\.m2\repository\com\codahale\metrics\metrics-annotation\3.0.2\metrics-annotation-3.0.2.jar;C:\Users\0027EG744\.m2\repository\com\codahale\metrics\metrics-healthchecks\3.0.2\metrics-healthchecks-3.0.2.jar;C:\Users\0027EG744\.m2\repository\com\codahale\metrics\metrics-httpclient\3.0.2\metrics-httpclient-3.0.2.jar;C:\Users\0027EG744\.m2\repository\com\codahale\metrics\metrics-servlets\3.0.2\metrics-servlets-3.0.2.jar;C:\Users\0027EG744\.m2\repository\com\codahale\metrics\metrics-json\3.0.2\metrics-json-3.0.2.jar;C:\Users\0027EG744\.m2\repository\com\codahale\metrics\metrics-jvm\3.0.2\metrics-jvm-3.0.2.jar;C:\Users\0027EG744\.m2\repository\com\codahale\metrics\metrics-servlet\3.0.2\metrics-servlet-3.0.2.jar;C:\Users\0027EG744\.m2\repository\org\sonatype\sisu\goodies\goodies-i18n\1.12\goodies-i18n-1.12.jar;C:\Users\0027EG744\.m2\repository\bitwalker\UserAgentUtils\1.12\UserAgentUtils-1.12.jar;C:\Users\0027EG744\.m2\repository\org\sonatype\nexus\nexus-log-api\3.0.0-b2015020701\nexus-log-api-3.0.0-b2015020701.jar;C:\Users\0027EG744\.m2\repository\org\sonatype\nexus\nexus-orient\3.0.0-b2015020701\nexus-orient-3.0.0-b2015020701.jar;C:\Users\0027EG744\.m2\repository\com\orientechnologies\orientdb-core\2.0.1\orientdb-core-2.0.1.jar;C:\Users\0027EG744\.m2\repository\com\googlecode\concurrentlinkedhashmap\concurrentlinkedhashmap-lru\1.4.1\concurrentlinkedhashmap-lru-1.4.1.jar;C:\Users\0027EG744\.m2\repository\net\java\dev\jna\jna\4.0.0\jna-4.0.0.jar;C:\Users\0027EG744\.m2\repository\net\java\dev\jna\jna-platform\4.0.0\jna-platform-4.0.0.jar;C:\Users\0027EG744\.m2\repository\com\orientechnologies\orientdb-server\2.0.1\orientdb-server-2.0.1.jar;C:\Users\0027EG744\.m2\repository\com\orientechnologies\orientdb-client\2.0.1\orientdb-client-2.0.1.jar;C:\Users\0027EG744\.m2\repository\com\orientechnologies\orientdb-enterprise\2.0.1\orientdb-enterprise-2.0.1.jar;C:\Users\0027EG744\.m2\repository\com\orientechnologies\orientdb-graphdb\2.0.1\orientdb-graphdb-2.0.1.jar;C:\Users\0027EG744\.m2\repository\com\orientechnologies\orientdb-tools\2.0.1\orientdb-tools-2.0.1.jar;C:\Users\0027EG744\.m2\repository\com\orientechnologies\orientdb-object\2.0.1\orientdb-object-2.0.1.jar;C:\Users\0027EG744\.m2\repository\org\hibernate\javax\persistence\hibernate-jpa-2.0-api\1.0.0.Final\hibernate-jpa-2.0-api-1.0.0.Final.jar;C:\Users\0027EG744\.m2\repository\com\tinkerpop\blueprints\blueprints-core\2.6.0\blueprints-core-2.6.0.jar;C:\Users\0027EG744\.m2\repository\org\codehaus\jettison\jettison\1.3.3\jettison-1.3.3.jar;C:\Users\0027EG744\.m2\repository\com\carrotsearch\hppc\0.6.0\hppc-0.6.0.jar;C:\Users\0027EG744\.m2\repository\commons-configuration\commons-configuration\1.6\commons-configuration-1.6.jar;C:\Users\0027EG744\.m2\repository\commons-digester\commons-digester\1.8\commons-digester-1.8.jar;C:\Users\0027EG744\.m2\repository\javax\validation\validation-api\1.1.0.Final\validation-api-1.1.0.Final.jar;C:\Users\0027EG744\.m2\repository\org\glassfish\web\javax.el\2.2.6\javax.el-2.2.6.jar;C:\Users\0027EG744\.m2\repository\javax\el\javax.el-api\2.2.5\javax.el-api-2.2.5.jar;C:\Users\0027EG744\.m2\repository\org\hibernate\hibernate-validator\5.1.2.Final\hibernate-validator-5.1.2.Final.jar;C:\Users\0027EG744\.m2\repository\org\jboss\logging\jboss-logging\3.1.3.GA\jboss-logging-3.1.3.GA.jar;C:\Users\0027EG744\.m2\repository\com\fasterxml\classmate\1.0.0\classmate-1.0.0.jar;C:\Users\0027EG744\.m2\repository\org\sonatype\nexus\nexus-blobstore-file\3.0.0-b2015020701\nexus-blobstore-file-3.0.0-b2015020701.jar;C:\Users\0027EG744\.m2\repository\org\sonatype\nexus\nexus-blobstore-api\3.0.0-b2015020701\nexus-blobstore-api-3.0.0-b2015020701.jar;C:\Users\0027EG744\.m2\repository\org\mapdb\mapdb\1.0.4\mapdb-1.0.4.jar;C:\Users\0027EG744\.m2\repository\org\sonatype\nexus\nexus-repository\3.0.0-b2015020701\nexus-repository-3.0.0-b2015020701.jar;C:\Users\0027EG744\.m2\repository\org\codehaus\groovy\groovy-all\2.3.7\groovy-all-2.3.7.jar;C:\Users\0027EG744\.m2\repository\org\sonatype\http-testing-harness\junit-runner\0.10\junit-runner-0.10.jar;C:\Users\0027EG744\.m2\repository\junit\junit\4.11\junit-4.11.jar;C:\Users\0027EG744\.m2\repository\org\sonatype\http-testing-harness\server-provider\0.10\server-provider-0.10.jar;C:\Users\0027EG744\.m2\repository\org\eclipse\jetty\jetty-servlet\9.2.7.v20150116\jetty-servlet-9.2.7.v20150116.jar;C:\Users\0027EG744\.m2\repository\org\eclipse\jetty\jetty-security\9.2.7.v20150116\jetty-security-9.2.7.v20150116.jar;C:\Users\0027EG744\.m2\repository\org\eclipse\jetty\jetty-server\9.2.7.v20150116\jetty-server-9.2.7.v20150116.jar;C:\Users\0027EG744\.m2\repository\org\eclipse\jetty\jetty-http\9.2.7.v20150116\jetty-http-9.2.7.v20150116.jar;C:\Users\0027EG744\.m2\repository\org\eclipse\jetty\jetty-io\9.2.7.v20150116\jetty-io-9.2.7.v20150116.jar;C:\Users\0027EG744\.m2\repository\org\eclipse\jetty\jetty-webapp\9.2.7.v20150116\jetty-webapp-9.2.7.v20150116.jar;C:\Users\0027EG744\.m2\repository\org\eclipse\jetty\jetty-xml\9.2.7.v20150116\jetty-xml-9.2.7.v20150116.jar;C:\Users\0027EG744\.m2\repository\org\eclipse\jetty\jetty-proxy\9.2.7.v20150116\jetty-proxy-9.2.7.v20150116.jar;C:\Users\0027EG744\.m2\repository\org\eclipse\jetty\jetty-client\9.2.7.v20150116\jetty-client-9.2.7.v20150116.jar;C:\Users\0027EG744\.m2\repository\org\eclipse\jetty\jetty-util\9.2.7.v20150116\jetty-util-9.2.7.v20150116.jar;C:\Users\0027EG744\.m2\repository\org\sonatype\nexus\nexus-core\3.0.0-b2015020701\nexus-core-3.0.0-b2015020701-tests.jar;C:\Users\0027EG744\.m2\repository\org\seleniumhq\selenium\selenium-firefox-driver\4.9.0\selenium-firefox-driver-4.9.0.jar;C:\Users\0027EG744\.m2\repository\org\seleniumhq\selenium\selenium-devtools-v85\4.9.0\selenium-devtools-v85-4.9.0.jar;C:\Users\0027EG744\.m2\repository\org\seleniumhq\selenium\selenium-http\4.9.0\selenium-http-4.9.0.jar;C:\Users\0027EG744\.m2\repository\dev\failsafe\failsafe\3.3.1\failsafe-3.3.1.jar;C:\Users\0027EG744\.m2\repository\org\seleniumhq\selenium\selenium-support\4.9.0\selenium-support-4.9.0.jar;C:\Users\0027EG744\.m2\repository\net\bytebuddy\byte-buddy\1.14.4\byte-buddy-1.14.4.jar;C:\Users\0027EG744\.m2\repository\org\seleniumhq\selenium\selenium-devtools\4.0.0-rc-1\selenium-devtools-4.0.0-rc-1.jar;"/>
    <property name="java.vm.vendor" value="Oracle Corporation"/>
    <property name="sun.arch.data.model" value="64"/>
    <property name="user.variant" value=""/>
    <property name="java.vendor.url" value="https://java.oracle.com/"/>
    <property name="user.timezone" value="Asia/Calcutta"/>
    <property name="os.name" value="Windows 11"/>
    <property name="java.vm.specification.version" value="20"/>
    <property name="sun.java.launcher" value="SUN_STANDARD"/>
    <property name="user.country" value="IN"/>
    <property name="sun.boot.library.path" value="D:\Installations\Java\bin"/>
    <property name="sun.java.command" value="C:\Users\0027EG744\AppData\Local\Temp\surefire5979852897858051897\surefirebooter-20230507072959536_3.jar C:\Users\0027EG744\AppData\Local\Temp\surefire5979852897858051897 2023-05-07T07-29-59_261-jvmRun1 surefire-20230507072959536_1tmp surefire_0-20230507072959536_2tmp"/>
    <property name="jdk.debug" value="release"/>
    <property name="surefire.test.class.path" value="D:\Platforms\Selenium\cucumber-java-awesomenow\target\test-classes;D:\Platforms\Selenium\cucumber-java-awesomenow\target\classes;C:\Users\0027EG744\.m2\repository\io\cucumber\cucumber-java\7.12.0\cucumber-java-7.12.0.jar;C:\Users\0027EG744\.m2\repository\io\cucumber\cucumber-core\7.12.0\cucumber-core-7.12.0.jar;C:\Users\0027EG744\.m2\repository\io\cucumber\cucumber-gherkin\7.12.0\cucumber-gherkin-7.12.0.jar;C:\Users\0027EG744\.m2\repository\io\cucumber\cucumber-gherkin-messages\7.12.0\cucumber-gherkin-messages-7.12.0.jar;C:\Users\0027EG744\.m2\repository\io\cucumber\gherkin\26.2.0\gherkin-26.2.0.jar;C:\Users\0027EG744\.m2\repository\io\cucumber\messages\22.0.0\messages-22.0.0.jar;C:\Users\0027EG744\.m2\repository\io\cucumber\tag-expressions\5.0.1\tag-expressions-5.0.1.jar;C:\Users\0027EG744\.m2\repository\io\cucumber\cucumber-expressions\16.1.2\cucumber-expressions-16.1.2.jar;C:\Users\0027EG744\.m2\repository\io\cucumber\datatable\7.12.0\datatable-7.12.0.jar;C:\Users\0027EG744\.m2\repository\io\cucumber\cucumber-plugin\7.12.0\cucumber-plugin-7.12.0.jar;C:\Users\0027EG744\.m2\repository\io\cucumber\docstring\7.12.0\docstring-7.12.0.jar;C:\Users\0027EG744\.m2\repository\io\cucumber\html-formatter\20.3.0\html-formatter-20.3.0.jar;C:\Users\0027EG744\.m2\repository\io\cucumber\junit-xml-formatter\0.2.0\junit-xml-formatter-0.2.0.jar;C:\Users\0027EG744\.m2\repository\io\cucumber\ci-environment\9.2.0\ci-environment-9.2.0.jar;C:\Users\0027EG744\.m2\repository\org\apiguardian\apiguardian-api\1.1.2\apiguardian-api-1.1.2.jar;C:\Users\0027EG744\.m2\repository\io\cucumber\cucumber-junit-platform-engine\7.12.0\cucumber-junit-platform-engine-7.12.0.jar;C:\Users\0027EG744\.m2\repository\org\junit\platform\junit-platform-engine\1.9.3\junit-platform-engine-1.9.3.jar;C:\Users\0027EG744\.m2\repository\org\opentest4j\opentest4j\1.2.0\opentest4j-1.2.0.jar;C:\Users\0027EG744\.m2\repository\org\junit\platform\junit-platform-commons\1.9.3\junit-platform-commons-1.9.3.jar;C:\Users\0027EG744\.m2\repository\org\junit\platform\junit-platform-suite\1.9.3\junit-platform-suite-1.9.3.jar;C:\Users\0027EG744\.m2\repository\org\junit\platform\junit-platform-suite-api\1.9.3\junit-platform-suite-api-1.9.3.jar;C:\Users\0027EG744\.m2\repository\org\junit\platform\junit-platform-suite-engine\1.9.3\junit-platform-suite-engine-1.9.3.jar;C:\Users\0027EG744\.m2\repository\org\junit\platform\junit-platform-suite-commons\1.9.3\junit-platform-suite-commons-1.9.3.jar;C:\Users\0027EG744\.m2\repository\org\junit\platform\junit-platform-launcher\1.9.3\junit-platform-launcher-1.9.3.jar;C:\Users\0027EG744\.m2\repository\org\junit\jupiter\junit-jupiter\5.9.3\junit-jupiter-5.9.3.jar;C:\Users\0027EG744\.m2\repository\org\junit\jupiter\junit-jupiter-api\5.9.3\junit-jupiter-api-5.9.3.jar;C:\Users\0027EG744\.m2\repository\org\junit\jupiter\junit-jupiter-params\5.9.3\junit-jupiter-params-5.9.3.jar;C:\Users\0027EG744\.m2\repository\org\junit\jupiter\junit-jupiter-engine\5.9.3\junit-jupiter-engine-5.9.3.jar;C:\Users\0027EG744\.m2\repository\org\seleniumhq\selenium\client-drivers\selenium-java-client-driver\1.0.2\selenium-java-client-driver-1.0.2.jar;C:\Users\0027EG744\.m2\repository\org\seleniumhq\selenium\selenium-api\4.9.0\selenium-api-4.9.0.jar;C:\Users\0027EG744\.m2\repository\org\seleniumhq\selenium\selenium-chrome-driver\4.9.0\selenium-chrome-driver-4.9.0.jar;C:\Users\0027EG744\.m2\repository\com\google\auto\service\auto-service-annotations\1.0.1\auto-service-annotations-1.0.1.jar;C:\Users\0027EG744\.m2\repository\com\google\auto\service\auto-service\1.0.1\auto-service-1.0.1.jar;C:\Users\0027EG744\.m2\repository\com\google\auto\auto-common\1.2\auto-common-1.2.jar;C:\Users\0027EG744\.m2\repository\com\google\guava\guava\31.1-jre\guava-31.1-jre.jar;C:\Users\0027EG744\.m2\repository\com\google\guava\failureaccess\1.0.1\failureaccess-1.0.1.jar;C:\Users\0027EG744\.m2\repository\com\google\guava\listenablefuture\9999.0-empty-to-avoid-conflict-with-guava\listenablefuture-9999.0-empty-to-avoid-conflict-with-guava.jar;C:\Users\0027EG744\.m2\repository\com\google\code\findbugs\jsr305\3.0.2\jsr305-3.0.2.jar;C:\Users\0027EG744\.m2\repository\org\checkerframework\checker-qual\3.12.0\checker-qual-3.12.0.jar;C:\Users\0027EG744\.m2\repository\com\google\errorprone\error_prone_annotations\2.11.0\error_prone_annotations-2.11.0.jar;C:\Users\0027EG744\.m2\repository\com\google\j2objc\j2objc-annotations\1.3\j2objc-annotations-1.3.jar;C:\Users\0027EG744\.m2\repository\org\seleniumhq\selenium\selenium-chromium-driver\4.9.0\selenium-chromium-driver-4.9.0.jar;C:\Users\0027EG744\.m2\repository\org\seleniumhq\selenium\selenium-json\4.9.0\selenium-json-4.9.0.jar;C:\Users\0027EG744\.m2\repository\org\seleniumhq\selenium\selenium-manager\4.9.0\selenium-manager-4.9.0.jar;C:\Users\0027EG744\.m2\repository\org\seleniumhq\selenium\selenium-remote-driver\4.9.0\selenium-remote-driver-4.9.0.jar;C:\Users\0027EG744\.m2\repository\com\beust\jcommander\1.82\jcommander-1.82.jar;C:\Users\0027EG744\.m2\repository\io\netty\netty-buffer\4.1.91.Final\netty-buffer-4.1.91.Final.jar;C:\Users\0027EG744\.m2\repository\io\netty\netty-codec-http\4.1.91.Final\netty-codec-http-4.1.91.Final.jar;C:\Users\0027EG744\.m2\repository\io\netty\netty-codec\4.1.91.Final\netty-codec-4.1.91.Final.jar;C:\Users\0027EG744\.m2\repository\io\netty\netty-handler\4.1.91.Final\netty-handler-4.1.91.Final.jar;C:\Users\0027EG744\.m2\repository\io\netty\netty-common\4.1.91.Final\netty-common-4.1.91.Final.jar;C:\Users\0027EG744\.m2\repository\io\netty\netty-transport-classes-epoll\4.1.91.Final\netty-transport-classes-epoll-4.1.91.Final.jar;C:\Users\0027EG744\.m2\repository\io\netty\netty-transport-classes-kqueue\4.1.91.Final\netty-transport-classes-kqueue-4.1.91.Final.jar;C:\Users\0027EG744\.m2\repository\io\netty\netty-transport-native-epoll\4.1.91.Final\netty-transport-native-epoll-4.1.91.Final.jar;C:\Users\0027EG744\.m2\repository\io\netty\netty-transport-native-kqueue\4.1.91.Final\netty-transport-native-kqueue-4.1.91.Final.jar;C:\Users\0027EG744\.m2\repository\io\netty\netty-transport-native-unix-common\4.1.91.Final\netty-transport-native-unix-common-4.1.91.Final.jar;C:\Users\0027EG744\.m2\repository\io\netty\netty-transport\4.1.91.Final\netty-transport-4.1.91.Final.jar;C:\Users\0027EG744\.m2\repository\io\netty\netty-resolver\4.1.91.Final\netty-resolver-4.1.91.Final.jar;C:\Users\0027EG744\.m2\repository\io\opentelemetry\opentelemetry-api\1.25.0\opentelemetry-api-1.25.0.jar;C:\Users\0027EG744\.m2\repository\io\opentelemetry\opentelemetry-context\1.25.0\opentelemetry-context-1.25.0.jar;C:\Users\0027EG744\.m2\repository\io\opentelemetry\opentelemetry-exporter-logging\1.25.0\opentelemetry-exporter-logging-1.25.0.jar;C:\Users\0027EG744\.m2\repository\io\opentelemetry\opentelemetry-sdk-metrics\1.25.0\opentelemetry-sdk-metrics-1.25.0.jar;C:\Users\0027EG744\.m2\repository\io\opentelemetry\opentelemetry-sdk-logs\1.25.0-alpha\opentelemetry-sdk-logs-1.25.0-alpha.jar;C:\Users\0027EG744\.m2\repository\io\opentelemetry\opentelemetry-api-logs\1.25.0-alpha\opentelemetry-api-logs-1.25.0-alpha.jar;C:\Users\0027EG744\.m2\repository\io\opentelemetry\opentelemetry-api-events\1.25.0-alpha\opentelemetry-api-events-1.25.0-alpha.jar;C:\Users\0027EG744\.m2\repository\io\opentelemetry\opentelemetry-sdk-common\1.25.0\opentelemetry-sdk-common-1.25.0.jar;C:\Users\0027EG744\.m2\repository\io\opentelemetry\opentelemetry-sdk-extension-autoconfigure-spi\1.25.0\opentelemetry-sdk-extension-autoconfigure-spi-1.25.0.jar;C:\Users\0027EG744\.m2\repository\io\opentelemetry\opentelemetry-sdk-extension-autoconfigure\1.25.0-alpha\opentelemetry-sdk-extension-autoconfigure-1.25.0-alpha.jar;C:\Users\0027EG744\.m2\repository\io\opentelemetry\opentelemetry-sdk-trace\1.25.0\opentelemetry-sdk-trace-1.25.0.jar;C:\Users\0027EG744\.m2\repository\io\opentelemetry\opentelemetry-sdk\1.25.0\opentelemetry-sdk-1.25.0.jar;C:\Users\0027EG744\.m2\repository\io\opentelemetry\opentelemetry-semconv\1.25.0-alpha\opentelemetry-semconv-1.25.0-alpha.jar;C:\Users\0027EG744\.m2\repository\io\ous\jtoml\2.0.0\jtoml-2.0.0.jar;C:\Users\0027EG744\.m2\repository\org\apache\commons\commons-exec\1.3\commons-exec-1.3.jar;C:\Users\0027EG744\.m2\repository\org\asynchttpclient\async-http-client\2.12.3\async-http-client-2.12.3.jar;C:\Users\0027EG744\.m2\repository\org\asynchttpclient\async-http-client-netty-utils\2.12.3\async-http-client-netty-utils-2.12.3.jar;C:\Users\0027EG744\.m2\repository\io\netty\netty-codec-socks\4.1.60.Final\netty-codec-socks-4.1.60.Final.jar;C:\Users\0027EG744\.m2\repository\io\netty\netty-handler-proxy\4.1.60.Final\netty-handler-proxy-4.1.60.Final.jar;C:\Users\0027EG744\.m2\repository\io\netty\netty-transport-native-epoll\4.1.60.Final\netty-transport-native-epoll-4.1.60.Final-linux-x86_64.jar;C:\Users\0027EG744\.m2\repository\io\netty\netty-transport-native-kqueue\4.1.60.Final\netty-transport-native-kqueue-4.1.60.Final-osx-x86_64.jar;C:\Users\0027EG744\.m2\repository\org\reactivestreams\reactive-streams\1.0.3\reactive-streams-1.0.3.jar;C:\Users\0027EG744\.m2\repository\com\typesafe\netty\netty-reactive-streams\2.0.4\netty-reactive-streams-2.0.4.jar;C:\Users\0027EG744\.m2\repository\com\sun\activation\jakarta.activation\1.2.2\jakarta.activation-1.2.2.jar;C:\Users\0027EG744\.m2\repository\org\sonatype\nexus\nexus-plugin-testsupport\3.0.0-b2015020701\nexus-plugin-testsupport-3.0.0-b2015020701.jar;C:\Users\0027EG744\.m2\repository\org\sonatype\nexus\nexus-test-common\3.0.0-b2015020701\nexus-test-common-3.0.0-b2015020701.jar;C:\Users\0027EG744\.m2\repository\org\eclipse\sisu\org.eclipse.sisu.inject\0.3.0.M1\org.eclipse.sisu.inject-0.3.0.M1.jar;C:\Users\0027EG744\.m2\repository\org\sonatype\sisu\sisu-guice\3.2.4\sisu-guice-3.2.4.jar;C:\Users\0027EG744\.m2\repository\javax\inject\javax.inject\1\javax.inject-1.jar;C:\Users\0027EG744\.m2\repository\aopalliance\aopalliance\1.0\aopalliance-1.0.jar;C:\Users\0027EG744\.m2\repository\org\eclipse\sisu\org.eclipse.sisu.plexus\0.3.0.M1\org.eclipse.sisu.plexus-0.3.0.M1.jar;C:\Users\0027EG744\.m2\repository\javax\enterprise\cdi-api\1.0\cdi-api-1.0.jar;C:\Users\0027EG744\.m2\repository\javax\annotation\jsr250-api\1.0\jsr250-api-1.0.jar;C:\Users\0027EG744\.m2\repository\org\codehaus\plexus\plexus-component-annotations\1.5.5\plexus-component-annotations-1.5.5.jar;C:\Users\0027EG744\.m2\repository\org\codehaus\plexus\plexus-classworlds\2.5.1\plexus-classworlds-2.5.1.jar;C:\Users\0027EG744\.m2\repository\org\sonatype\sisu\goodies\goodies-testsupport\1.12\goodies-testsupport-1.12.jar;C:\Users\0027EG744\.m2\repository\org\sonatype\gossip\gossip-support\1.8\gossip-support-1.8.jar;C:\Users\0027EG744\.m2\repository\org\sonatype\gossip\gossip-bootstrap\1.8\gossip-bootstrap-1.8.jar;C:\Users\0027EG744\.m2\repository\com\intellij\annotations\12.0\annotations-12.0.jar;C:\Users\0027EG744\.m2\repository\info\cukes\cucumber-junit\1.2.2\cucumber-junit-1.2.2.jar;C:\Users\0027EG744\.m2\repository\info\cukes\cucumber-core\1.2.2\cucumber-core-1.2.2.jar;C:\Users\0027EG744\.m2\repository\info\cukes\cucumber-html\0.2.3\cucumber-html-0.2.3.jar;C:\Users\0027EG744\.m2\repository\info\cukes\cucumber-jvm-deps\1.0.3\cucumber-jvm-deps-1.0.3.jar;C:\Users\0027EG744\.m2\repository\info\cukes\gherkin\2.12.2\gherkin-2.12.2.jar;C:\Users\0027EG744\.m2\repository\info\cukes\cucumber-guice\1.2.2\cucumber-guice-1.2.2.jar;C:\Users\0027EG744\.m2\repository\info\cukes\cucumber-java\1.2.2\cucumber-java-1.2.2.jar;C:\Users\0027EG744\.m2\repository\org\hamcrest\hamcrest-core\1.3\hamcrest-core-1.3.jar;C:\Users\0027EG744\.m2\repository\org\hamcrest\hamcrest-library\1.3\hamcrest-library-1.3.jar;C:\Users\0027EG744\.m2\repository\org\easytesting\fest-assert-core\2.0M10\fest-assert-core-2.0M10.jar;C:\Users\0027EG744\.m2\repository\org\easytesting\fest-util\1.2.5\fest-util-1.2.5.jar;C:\Users\0027EG744\.m2\repository\org\incava\java-diff\1.1\java-diff-1.1.jar;C:\Users\0027EG744\.m2\repository\org\objenesis\objenesis\1.3\objenesis-1.3.jar;C:\Users\0027EG744\.m2\repository\org\mockito\mockito-core\1.9.5\mockito-core-1.9.5.jar;C:\Users\0027EG744\.m2\repository\org\powermock\powermock-module-junit4\1.6.1\powermock-module-junit4-1.6.1.jar;C:\Users\0027EG744\.m2\repository\org\powermock\powermock-module-junit4-common\1.6.1\powermock-module-junit4-common-1.6.1.jar;C:\Users\0027EG744\.m2\repository\org\powermock\powermock-reflect\1.6.1\powermock-reflect-1.6.1.jar;C:\Users\0027EG744\.m2\repository\org\powermock\powermock-api-mockito\1.6.1\powermock-api-mockito-1.6.1.jar;C:\Users\0027EG744\.m2\repository\org\powermock\powermock-api-support\1.6.1\powermock-api-support-1.6.1.jar;C:\Users\0027EG744\.m2\repository\org\powermock\powermock-module-junit4-rule\1.6.1\powermock-module-junit4-rule-1.6.1.jar;C:\Users\0027EG744\.m2\repository\org\powermock\powermock-classloading-base\1.6.1\powermock-classloading-base-1.6.1.jar;C:\Users\0027EG744\.m2\repository\org\powermock\powermock-core\1.6.1\powermock-core-1.6.1.jar;C:\Users\0027EG744\.m2\repository\org\javassist\javassist\3.18.2-GA\javassist-3.18.2-GA.jar;C:\Users\0027EG744\.m2\repository\org\powermock\powermock-classloading-xstream\1.6.1\powermock-classloading-xstream-1.6.1.jar;C:\Users\0027EG744\.m2\repository\commons-io\commons-io\2.4\commons-io-2.4.jar;C:\Users\0027EG744\.m2\repository\com\h2database\h2\1.3.175\h2-1.3.175.jar;C:\Users\0027EG744\.m2\repository\org\jsoup\jsoup\1.7.2\jsoup-1.7.2.jar;C:\Users\0027EG744\.m2\repository\org\databene\contiperf\2.2.0\contiperf-2.2.0.jar;C:\Users\0027EG744\.m2\repository\javax\servlet\javax.servlet-api\3.1.0\javax.servlet-api-3.1.0.jar;C:\Users\0027EG744\.m2\repository\httpunit\httpunit\1.6.2\httpunit-1.6.2.jar;C:\Users\0027EG744\.m2\repository\jtidy\jtidy\4aug2000r7-dev\jtidy-4aug2000r7-dev.jar;C:\Users\0027EG744\.m2\repository\org\sonatype\nexus\nexus-core\3.0.0-b2015020701\nexus-core-3.0.0-b2015020701.jar;C:\Users\0027EG744\.m2\repository\org\sonatype\nexus\nexus-common\3.0.0-b2015020701\nexus-common-3.0.0-b2015020701.jar;C:\Users\0027EG744\.m2\repository\org\sonatype\nexus\nexus-configuration-model\3.0.0-b2015020701\nexus-configuration-model-3.0.0-b2015020701.jar;C:\Users\0027EG744\.m2\repository\org\sonatype\nexus\base-configuration\3.0.0-b2015020701\base-configuration-3.0.0-b2015020701.jar;C:\Users\0027EG744\.m2\repository\org\sonatype\nexus\nexus-repository-metadata-api\3.0.0-b2015020701\nexus-repository-metadata-api-3.0.0-b2015020701.jar;C:\Users\0027EG744\.m2\repository\org\sonatype\nexus\nexus-repository-metadata-model\3.0.0-b2015020701\nexus-repository-metadata-model-3.0.0-b2015020701.jar;C:\Users\0027EG744\.m2\repository\org\slf4j\slf4j-api\1.7.6\slf4j-api-1.7.6.jar;C:\Users\0027EG744\.m2\repository\org\slf4j\jcl-over-slf4j\1.7.6\jcl-over-slf4j-1.7.6.jar;C:\Users\0027EG744\.m2\repository\ch\qos\logback\logback-core\1.1.2\logback-core-1.1.2.jar;C:\Users\0027EG744\.m2\repository\ch\qos\logback\logback-classic\1.1.2\logback-classic-1.1.2.jar;C:\Users\0027EG744\.m2\repository\org\osgi\org.osgi.core\4.3.1\org.osgi.core-4.3.1.jar;C:\Users\0027EG744\.m2\repository\org\osgi\org.osgi.compendium\4.3.1\org.osgi.compendium-4.3.1.jar;C:\Users\0027EG744\.m2\repository\javax\annotation\javax.annotation-api\1.2\javax.annotation-api-1.2.jar;C:\Users\0027EG744\.m2\repository\org\sonatype\sisu\goodies\goodies-common\1.12\goodies-common-1.12.jar;C:\Users\0027EG744\.m2\repository\org\sonatype\sisu\goodies\goodies-crypto\1.12\goodies-crypto-1.12.jar;C:\Users\0027EG744\.m2\repository\org\bouncycastle\bcprov-jdk15on\1.49\bcprov-jdk15on-1.49.jar;C:\Users\0027EG744\.m2\repository\org\bouncycastle\bcpg-jdk15on\1.49\bcpg-jdk15on-1.49.jar;C:\Users\0027EG744\.m2\repository\org\bouncycastle\bcpkix-jdk15on\1.49\bcpkix-jdk15on-1.49.jar;C:\Users\0027EG744\.m2\repository\org\sonatype\sisu\goodies\goodies-lifecycle\1.12\goodies-lifecycle-1.12.jar;C:\Users\0027EG744\.m2\repository\org\sonatype\sisu\goodies\goodies-eventbus\1.12\goodies-eventbus-1.12.jar;C:\Users\0027EG744\.m2\repository\org\sonatype\sisu\goodies\goodies-template\1.12\goodies-template-1.12.jar;C:\Users\0027EG744\.m2\repository\org\sonatype\sisu\goodies\goodies-inject\1.12\goodies-inject-1.12.jar;C:\Users\0027EG744\.m2\repository\commons-beanutils\commons-beanutils\1.9.1\commons-beanutils-1.9.1.jar;C:\Users\0027EG744\.m2\repository\commons-collections\commons-collections\3.2.1\commons-collections-3.2.1.jar;C:\Users\0027EG744\.m2\repository\commons-codec\commons-codec\1.8\commons-codec-1.8.jar;C:\Users\0027EG744\.m2\repository\commons-lang\commons-lang\2.6\commons-lang-2.6.jar;C:\Users\0027EG744\.m2\repository\org\apache\commons\commons-lang3\3.1\commons-lang3-3.1.jar;C:\Users\0027EG744\.m2\repository\commons-fileupload\commons-fileupload\1.3.1\commons-fileupload-1.3.1.jar;C:\Users\0027EG744\.m2\repository\org\sonatype\nexus\nexus-formfields\3.0.0-b2015020701\nexus-formfields-3.0.0-b2015020701.jar;C:\Users\0027EG744\.m2\repository\org\sonatype\nexus\nexus-webresources-api\3.0.0-b2015020701\nexus-webresources-api-3.0.0-b2015020701.jar;C:\Users\0027EG744\.m2\repository\org\codehaus\plexus\plexus-utils\3.0.20\plexus-utils-3.0.20.jar;C:\Users\0027EG744\.m2\repository\org\codehaus\plexus\plexus-interpolation\1.16\plexus-interpolation-1.16.jar;C:\Users\0027EG744\.m2\repository\org\sonatype\nexus\xstream\xstream\1.4.6-SONATYPE-03\xstream-1.4.6-SONATYPE-03.jar;C:\Users\0027EG744\.m2\repository\xmlpull\xmlpull\1.1.3.1\xmlpull-1.1.3.1.jar;C:\Users\0027EG744\.m2\repository\xpp3\xpp3_min\1.1.4c\xpp3_min-1.1.4c.jar;C:\Users\0027EG744\.m2\repository\com\fasterxml\jackson\core\jackson-databind\2.4.1\jackson-databind-2.4.1.jar;C:\Users\0027EG744\.m2\repository\com\fasterxml\jackson\core\jackson-annotations\2.4.0\jackson-annotations-2.4.0.jar;C:\Users\0027EG744\.m2\repository\com\fasterxml\jackson\core\jackson-core\2.4.1\jackson-core-2.4.1.jar;C:\Users\0027EG744\.m2\repository\org\apache\httpcomponents\httpclient\4.3.6\httpclient-4.3.6.jar;C:\Users\0027EG744\.m2\repository\org\apache\httpcomponents\httpcore\4.3.3\httpcore-4.3.3.jar;C:\Users\0027EG744\.m2\repository\org\sonatype\nexus\nexus-httpclient-api\3.0.0-b2015020701\nexus-httpclient-api-3.0.0-b2015020701.jar;C:\Users\0027EG744\.m2\repository\org\apache\maven\maven-model\3.2.3\maven-model-3.2.3.jar;C:\Users\0027EG744\.m2\repository\org\apache\maven\maven-model-builder\3.2.3\maven-model-builder-3.2.3.jar;C:\Users\0027EG744\.m2\repository\org\apache\maven\maven-repository-metadata\3.2.3\maven-repository-metadata-3.2.3.jar;C:\Users\0027EG744\.m2\repository\org\eclipse\aether\aether-api\1.0.0.v20140518\aether-api-1.0.0.v20140518.jar;C:\Users\0027EG744\.m2\repository\org\eclipse\aether\aether-util\1.0.0.v20140518\aether-util-1.0.0.v20140518.jar;C:\Users\0027EG744\.m2\repository\org\eclipse\aether\aether-spi\1.0.0.v20140518\aether-spi-1.0.0.v20140518.jar;C:\Users\0027EG744\.m2\repository\org\sonatype\nexus\nexus-security\3.0.0-b2015020701\nexus-security-3.0.0-b2015020701.jar;C:\Users\0027EG744\.m2\repository\org\apache\shiro\shiro-ehcache\1.2.3\shiro-ehcache-1.2.3.jar;C:\Users\0027EG744\.m2\repository\org\sonatype\sisu\inject\guice-servlet\3.2.4\guice-servlet-3.2.4.jar;C:\Users\0027EG744\.m2\repository\org\apache\shiro\shiro-core\1.2.3\shiro-core-1.2.3.jar;C:\Users\0027EG744\.m2\repository\org\apache\shiro\shiro-guice\1.2.3\shiro-guice-1.2.3.jar;C:\Users\0027EG744\.m2\repository\org\apache\shiro\shiro-web\1.2.3\shiro-web-1.2.3.jar;C:\Users\0027EG744\.m2\repository\org\sonatype\nexus\nexus-scheduling\3.0.0-b2015020701\nexus-scheduling-3.0.0-b2015020701.jar;C:\Users\0027EG744\.m2\repository\org\sonatype\sisu\inject\guice-multibindings\3.2.4\guice-multibindings-3.2.4.jar;C:\Users\0027EG744\.m2\repository\org\sonatype\sisu\inject\guice-assistedinject\3.2.4\guice-assistedinject-3.2.4.jar;C:\Users\0027EG744\.m2\repository\org\sonatype\nexus\nexus-locks\3.0.0-b2015020701\nexus-locks-3.0.0-b2015020701.jar;C:\Users\0027EG744\.m2\repository\org\apache\velocity\velocity\1.7\velocity-1.7.jar;C:\Users\0027EG744\.m2\repository\org\sonatype\nexus\nexus-ehcache\3.0.0-b2015020701\nexus-ehcache-3.0.0-b2015020701.jar;C:\Users\0027EG744\.m2\repository\org\apache\servicemix\bundles\org.apache.servicemix.bundles.ehcache\2.6.9_1\org.apache.servicemix.bundles.ehcache-2.6.9_1.jar;C:\Users\0027EG744\.m2\repository\org\sonatype\sisu\sisu-mailer\1.9\sisu-mailer-1.9.jar;C:\Users\0027EG744\.m2\repository\javax\mail\mail\1.4.7\mail-1.4.7.jar;C:\Users\0027EG744\.m2\repository\org\sonatype\sisu\sisu-resource-scanner\1.1.1\sisu-resource-scanner-1.1.1.jar;C:\Users\0027EG744\.m2\repository\org\sonatype\nexus\nexus-mime\3.0.0-b2015020701\nexus-mime-3.0.0-b2015020701.jar;C:\Users\0027EG744\.m2\repository\org\apache\tika\tika-core\1.7\tika-core-1.7.jar;C:\Users\0027EG744\.m2\repository\org\sonatype\nexus\nexus-supportzip-api\3.0.0-b2015020701\nexus-supportzip-api-3.0.0-b2015020701.jar;C:\Users\0027EG744\.m2\repository\joda-time\joda-time\2.2\joda-time-2.2.jar;C:\Users\0027EG744\.m2\repository\com\codahale\metrics\metrics-core\3.0.2\metrics-core-3.0.2.jar;C:\Users\0027EG744\.m2\repository\com\palominolabs\metrics\metrics-guice\3.0.2\metrics-guice-3.0.2.jar;C:\Users\0027EG744\.m2\repository\com\codahale\metrics\metrics-annotation\3.0.2\metrics-annotation-3.0.2.jar;C:\Users\0027EG744\.m2\repository\com\codahale\metrics\metrics-healthchecks\3.0.2\metrics-healthchecks-3.0.2.jar;C:\Users\0027EG744\.m2\repository\com\codahale\metrics\metrics-httpclient\3.0.2\metrics-httpclient-3.0.2.jar;C:\Users\0027EG744\.m2\repository\com\codahale\metrics\metrics-servlets\3.0.2\metrics-servlets-3.0.2.jar;C:\Users\0027EG744\.m2\repository\com\codahale\metrics\metrics-json\3.0.2\metrics-json-3.0.2.jar;C:\Users\0027EG744\.m2\repository\com\codahale\metrics\metrics-jvm\3.0.2\metrics-jvm-3.0.2.jar;C:\Users\0027EG744\.m2\repository\com\codahale\metrics\metrics-servlet\3.0.2\metrics-servlet-3.0.2.jar;C:\Users\0027EG744\.m2\repository\org\sonatype\sisu\goodies\goodies-i18n\1.12\goodies-i18n-1.12.jar;C:\Users\0027EG744\.m2\repository\bitwalker\UserAgentUtils\1.12\UserAgentUtils-1.12.jar;C:\Users\0027EG744\.m2\repository\org\sonatype\nexus\nexus-log-api\3.0.0-b2015020701\nexus-log-api-3.0.0-b2015020701.jar;C:\Users\0027EG744\.m2\repository\org\sonatype\nexus\nexus-orient\3.0.0-b2015020701\nexus-orient-3.0.0-b2015020701.jar;C:\Users\0027EG744\.m2\repository\com\orientechnologies\orientdb-core\2.0.1\orientdb-core-2.0.1.jar;C:\Users\0027EG744\.m2\repository\com\googlecode\concurrentlinkedhashmap\concurrentlinkedhashmap-lru\1.4.1\concurrentlinkedhashmap-lru-1.4.1.jar;C:\Users\0027EG744\.m2\repository\net\java\dev\jna\jna\4.0.0\jna-4.0.0.jar;C:\Users\0027EG744\.m2\repository\net\java\dev\jna\jna-platform\4.0.0\jna-platform-4.0.0.jar;C:\Users\0027EG744\.m2\repository\com\orientechnologies\orientdb-server\2.0.1\orientdb-server-2.0.1.jar;C:\Users\0027EG744\.m2\repository\com\orientechnologies\orientdb-client\2.0.1\orientdb-client-2.0.1.jar;C:\Users\0027EG744\.m2\repository\com\orientechnologies\orientdb-enterprise\2.0.1\orientdb-enterprise-2.0.1.jar;C:\Users\0027EG744\.m2\repository\com\orientechnologies\orientdb-graphdb\2.0.1\orientdb-graphdb-2.0.1.jar;C:\Users\0027EG744\.m2\repository\com\orientechnologies\orientdb-tools\2.0.1\orientdb-tools-2.0.1.jar;C:\Users\0027EG744\.m2\repository\com\orientechnologies\orientdb-object\2.0.1\orientdb-object-2.0.1.jar;C:\Users\0027EG744\.m2\repository\org\hibernate\javax\persistence\hibernate-jpa-2.0-api\1.0.0.Final\hibernate-jpa-2.0-api-1.0.0.Final.jar;C:\Users\0027EG744\.m2\repository\com\tinkerpop\blueprints\blueprints-core\2.6.0\blueprints-core-2.6.0.jar;C:\Users\0027EG744\.m2\repository\org\codehaus\jettison\jettison\1.3.3\jettison-1.3.3.jar;C:\Users\0027EG744\.m2\repository\com\carrotsearch\hppc\0.6.0\hppc-0.6.0.jar;C:\Users\0027EG744\.m2\repository\commons-configuration\commons-configuration\1.6\commons-configuration-1.6.jar;C:\Users\0027EG744\.m2\repository\commons-digester\commons-digester\1.8\commons-digester-1.8.jar;C:\Users\0027EG744\.m2\repository\javax\validation\validation-api\1.1.0.Final\validation-api-1.1.0.Final.jar;C:\Users\0027EG744\.m2\repository\org\glassfish\web\javax.el\2.2.6\javax.el-2.2.6.jar;C:\Users\0027EG744\.m2\repository\javax\el\javax.el-api\2.2.5\javax.el-api-2.2.5.jar;C:\Users\0027EG744\.m2\repository\org\hibernate\hibernate-validator\5.1.2.Final\hibernate-validator-5.1.2.Final.jar;C:\Users\0027EG744\.m2\repository\org\jboss\logging\jboss-logging\3.1.3.GA\jboss-logging-3.1.3.GA.jar;C:\Users\0027EG744\.m2\repository\com\fasterxml\classmate\1.0.0\classmate-1.0.0.jar;C:\Users\0027EG744\.m2\repository\org\sonatype\nexus\nexus-blobstore-file\3.0.0-b2015020701\nexus-blobstore-file-3.0.0-b2015020701.jar;C:\Users\0027EG744\.m2\repository\org\sonatype\nexus\nexus-blobstore-api\3.0.0-b2015020701\nexus-blobstore-api-3.0.0-b2015020701.jar;C:\Users\0027EG744\.m2\repository\org\mapdb\mapdb\1.0.4\mapdb-1.0.4.jar;C:\Users\0027EG744\.m2\repository\org\sonatype\nexus\nexus-repository\3.0.0-b2015020701\nexus-repository-3.0.0-b2015020701.jar;C:\Users\0027EG744\.m2\repository\org\codehaus\groovy\groovy-all\2.3.7\groovy-all-2.3.7.jar;C:\Users\0027EG744\.m2\repository\org\sonatype\http-testing-harness\junit-runner\0.10\junit-runner-0.10.jar;C:\Users\0027EG744\.m2\repository\junit\junit\4.11\junit-4.11.jar;C:\Users\0027EG744\.m2\repository\org\sonatype\http-testing-harness\server-provider\0.10\server-provider-0.10.jar;C:\Users\0027EG744\.m2\repository\org\eclipse\jetty\jetty-servlet\9.2.7.v20150116\jetty-servlet-9.2.7.v20150116.jar;C:\Users\0027EG744\.m2\repository\org\eclipse\jetty\jetty-security\9.2.7.v20150116\jetty-security-9.2.7.v20150116.jar;C:\Users\0027EG744\.m2\repository\org\eclipse\jetty\jetty-server\9.2.7.v20150116\jetty-server-9.2.7.v20150116.jar;C:\Users\0027EG744\.m2\repository\org\eclipse\jetty\jetty-http\9.2.7.v20150116\jetty-http-9.2.7.v20150116.jar;C:\Users\0027EG744\.m2\repository\org\eclipse\jetty\jetty-io\9.2.7.v20150116\jetty-io-9.2.7.v20150116.jar;C:\Users\0027EG744\.m2\repository\org\eclipse\jetty\jetty-webapp\9.2.7.v20150116\jetty-webapp-9.2.7.v20150116.jar;C:\Users\0027EG744\.m2\repository\org\eclipse\jetty\jetty-xml\9.2.7.v20150116\jetty-xml-9.2.7.v20150116.jar;C:\Users\0027EG744\.m2\repository\org\eclipse\jetty\jetty-proxy\9.2.7.v20150116\jetty-proxy-9.2.7.v20150116.jar;C:\Users\0027EG744\.m2\repository\org\eclipse\jetty\jetty-client\9.2.7.v20150116\jetty-client-9.2.7.v20150116.jar;C:\Users\0027EG744\.m2\repository\org\eclipse\jetty\jetty-util\9.2.7.v20150116\jetty-util-9.2.7.v20150116.jar;C:\Users\0027EG744\.m2\repository\org\sonatype\nexus\nexus-core\3.0.0-b2015020701\nexus-core-3.0.0-b2015020701-tests.jar;C:\Users\0027EG744\.m2\repository\org\seleniumhq\selenium\selenium-firefox-driver\4.9.0\selenium-firefox-driver-4.9.0.jar;C:\Users\0027EG744\.m2\repository\org\seleniumhq\selenium\selenium-devtools-v85\4.9.0\selenium-devtools-v85-4.9.0.jar;C:\Users\0027EG744\.m2\repository\org\seleniumhq\selenium\selenium-http\4.9.0\selenium-http-4.9.0.jar;C:\Users\0027EG744\.m2\repository\dev\failsafe\failsafe\3.3.1\failsafe-3.3.1.jar;C:\Users\0027EG744\.m2\repository\org\seleniumhq\selenium\selenium-support\4.9.0\selenium-support-4.9.0.jar;C:\Users\0027EG744\.m2\repository\net\bytebuddy\byte-buddy\1.14.4\byte-buddy-1.14.4.jar;C:\Users\0027EG744\.m2\repository\org\seleniumhq\selenium\selenium-devtools\4.0.0-rc-1\selenium-devtools-4.0.0-rc-1.jar;"/>
    <property name="sun.cpu.endian" value="little"/>
    <property name="user.home" value="C:\Users\0027EG744"/>
    <property name="user.language" value="en"/>
    <property name="java.specification.vendor" value="Oracle Corporation"/>
    <property name="java.version.date" value="2023-03-21"/>
    <property name="java.home" value="D:\Installations\Java"/>
    <property name="file.separator" value="\"/>
    <property name="basedir" value="D:\Platforms\Selenium\cucumber-java-awesomenow"/>
    <property name="style.color" value="always"/>
    <property name="java.vm.compressedOopsMode" value="Zero based"/>
    <property name="line.separator" value="&#10;"/>
    <property name="java.vm.specification.vendor" value="Oracle Corporation"/>
    <property name="java.specification.name" value="Java Platform API Specification"/>
    <property name="surefire.real.class.path" value="C:\Users\0027EG744\AppData\Local\Temp\surefire5979852897858051897\surefirebooter-20230507072959536_3.jar"/>
    <property name="user.script" value=""/>
    <property name="sun.management.compiler" value="HotSpot 64-Bit Tiered Compilers"/>
    <property name="java.runtime.version" value="20+36-2344"/>
    <property name="user.name" value="0027EG744"/>
    <property name="stdout.encoding" value="Cp1252"/>
    <property name="path.separator" value=";"/>
    <property name="os.version" value="10.0"/>
    <property name="java.runtime.name" value="Java(TM) SE Runtime Environment"/>
    <property name="file.encoding" value="UTF-8"/>
    <property name="java.vm.name" value="Java HotSpot(TM) 64-Bit Server VM"/>
    <property name="localRepository" value="C:\Users\0027EG744\.m2\repository"/>
    <property name="java.vendor.url.bug" value="https://bugreport.java.com/bugreport/"/>
    <property name="java.io.tmpdir" value="C:\Users\0027EG~1\AppData\Local\Temp\"/>
    <property name="java.version" value="20"/>
    <property name="user.dir" value="D:\Platforms\Selenium\cucumber-java-awesomenow"/>
    <property name="os.arch" value="amd64"/>
    <property name="java.vm.specification.name" value="Java Virtual Machine Specification"/>
    <property name="sun.os.patch.level" value=""/>
    <property name="native.encoding" value="Cp1252"/>
    <property name="java.library.path" value="D:\Installations\Java\bin;C:\WINDOWS\Sun\Java\bin;C:\WINDOWS\system32;C:\WINDOWS;C:\Program Files\Common Files\Oracle\Java\javapath;C:\Windows\system32;C:\Windows;C:\Windows\System32\Wbem;C:\Windows\System32\WindowsPowerShell\v1.0\;C:\Windows\System32\OpenSSH\;C:\Program Files\Microsoft SQL Server\150\Tools\Binn\;C:\Program Files\dotnet\;C:\WINDOWS\system32;C:\WINDOWS;C:\WINDOWS\System32\Wbem;C:\WINDOWS\System32\WindowsPowerShell\v1.0\;C:\WINDOWS\System32\OpenSSH\;D:\Installations\nvm;C:\Program Files\nodejs;D:\Installations\Git\cmd;C:\Program Files\Common Files\Oracle\Java\javapath;C:\Windows\system32;C:\Windows;C:\Windows\System32\Wbem;C:\Windows\System32\WindowsPowerShell\v1.0\;C:\Windows\System32\OpenSSH\;C:\Program Files\Microsoft SQL Server\150\Tools\Binn\;C:\Program Files\dotnet\;C:\WINDOWS\system32;C:\WINDOWS;C:\WINDOWS\System32\Wbem;C:\WINDOWS\System32\WindowsPowerShell\v1.0\;C:\WINDOWS\System32\OpenSSH\;D:\Installations\nvm;C:\Program Files\nodejs;D:\Installations\Git\cmd;C:\Users\0027EG744\AppData\Local\Programs\Microsoft VS Code\bin;D:\Installations\apache-maven-3.9.1\bin;D:\Platforms\Selenium\webdrivers\bin;."/>
    <property name="java.vm.info" value="mixed mode, sharing"/>
    <property name="stderr.encoding" value="Cp1252"/>
    <property name="java.vendor" value="Oracle Corporation"/>
    <property name="java.vm.version" value="20+36-2344"/>
    <property name="sun.io.unicode.encoding" value="UnicodeLittle"/>
    <property name="java.class.version" value="64.0"/>
  </properties>
  <testcase name="Login - Login to ServiceNow and Open Incident list" classname="Login" time="24.844">
    <system-out><![CDATA[
Scenario: Login to ServiceNow and Open Incident list &amp#27;[90m# io/cucumber/awesomenow/ServiceNowLogin.feature:3&amp#27;[0m
  &amp#27;[32mGiven &amp#27;[0m&amp#27;[32mI open login page&amp#27;[0m                            &amp#27;[90m# io.cucumber.awesomenow.StepDefinitionsServiceNow.I_have_username_password()&amp#27;[0m
  &amp#27;[32mWhen &amp#27;[0m&amp#27;[32mI enter username and password&amp#27;[0m                 &amp#27;[90m# io.cucumber.awesomenow.StepDefinitionsServiceNow.i_enter_credentials()&amp#27;[0m
  &amp#27;[32mThen &amp#27;[0m&amp#27;[32mI open incidentlist&amp#27;[0m                           &amp#27;[90m# io.cucumber.awesomenow.StepDefinitionsServiceNow.i_open_target_page()&amp#27;[0m
]]></system-out>
    <system-err><![CDATA[Starting ChromeDriver 113.0.5672.63 (0e1a4471d5ae5bf128b1bd8f4d627c8cbd55f70c-refs/branch-heads/5672@{#912}) on port 40100
Only local connections are allowed.
Please see https://chromedriver.chromium.org/security-considerations for suggestions on keeping ChromeDriver safe.
ChromeDriver was started successfully.
May 07, 2023 7:30:20 AM org.openqa.selenium.devtools.CdpVersionFinder findNearestMatch
WARNING: Unable to find CDP implementation matching 113
May 07, 2023 7:30:21 AM org.openqa.selenium.chromium.ChromiumDriver lambda$new$3
WARNING: Unable to find version of CDP to use for . You may need to include a dependency on a specific version of the CDP using something similar to `org.seleniumhq.selenium:selenium-devtools-v86:4.9.0` where the version ("v86") matches the version of the chromium-based browser you're using and the version number of the artifact is the same as Selenium's.
]]></system-err>
  </testcase>
</testsuite>